2025-02-03 16:21:38 INFO: Trading Mode: backtest
2025-02-03 16:21:43 ERROR: Error fetching OHLCV for ethereum: binance does not have market symbol ETHEREUM/USDT
2025-02-03 16:21:43 ERROR: No data available for backtesting ethereum.
2025-02-03 16:21:43 ERROR: Error fetching OHLCV for binancecoin: binance does not have market symbol BINANCECOIN/USDT
2025-02-03 16:21:43 ERROR: No data available for backtesting binancecoin.
2025-02-03 16:21:43 ERROR: Error fetching OHLCV for solana: binance does not have market symbol SOLANA/USDT
2025-02-03 16:21:43 ERROR: No data available for backtesting solana.
2025-02-03 16:21:43 ERROR: Error fetching OHLCV for cardano: binance does not have market symbol CARDANO/USDT
2025-02-03 16:21:43 ERROR: No data available for backtesting cardano.
2025-02-03 16:22:09 INFO: Trading Mode: backtest
2025-02-03 16:22:16 INFO: Backtest ETH: Profit = $-4.58, Trades: [('buy', Timestamp('2025-01-23 22:00:00'), np.float64(3322.36)), ('sell', Timestamp('2025-01-24 16:00:00'), np.float64(3380.2)), ('buy', Timestamp('2025-01-25 15:00:00'), np.float64(3334.62)), ('sell', Timestamp('2025-01-25 22:00:00'), np.float64(3334.42)), ('buy', Timestamp('2025-01-26 03:00:00'), np.float64(3338.94)), ('sell', Timestamp('2025-01-26 07:00:00'), np.float64(3338.56)), ('buy', Timestamp('2025-01-26 17:00:00'), np.float64(3338.04)), ('sell', Timestamp('2025-01-26 21:00:00'), np.float64(3296.45)), ('buy', Timestamp('2025-01-30 15:00:00'), np.float64(3255.3)), ('sell', Timestamp('2025-01-30 21:00:00'), np.float64(3244.35)), ('buy', Timestamp('2025-01-31 11:00:00'), np.float64(3335.16)), ('sell', Timestamp('2025-01-31 20:00:00'), np.float64(3315.99))]
2025-02-03 16:22:17 INFO: Backtest BNB: Profit = $-11.60, Trades: [('buy', Timestamp('2025-01-30 14:00:00'), np.float64(682.09)), ('sell', Timestamp('2025-01-30 20:00:00'), np.float64(678.19)), ('buy', Timestamp('2025-01-31 11:00:00'), np.float64(683.15)), ('sell', Timestamp('2025-01-31 19:00:00'), np.float64(679.11))]
2025-02-03 16:22:17 INFO: Backtest SOL: Profit = $-4.89, Trades: [('buy', Timestamp('2025-01-22 05:00:00'), np.float64(256.04)), ('sell', Timestamp('2025-01-22 16:00:00'), np.float64(257.28)), ('buy', Timestamp('2025-01-22 19:00:00'), np.float64(265.29)), ('sell', Timestamp('2025-01-22 23:00:00'), np.float64(257.36)), ('buy', Timestamp('2025-01-23 23:00:00'), np.float64(253.11)), ('sell', Timestamp('2025-01-24 00:00:00'), np.float64(252.73)), ('buy', Timestamp('2025-01-24 04:00:00'), np.float64(255.31)), ('sell', Timestamp('2025-01-24 18:00:00'), np.float64(262.82)), ('buy', Timestamp('2025-01-25 16:00:00'), np.float64(255.85)), ('sell', Timestamp('2025-01-26 00:00:00'), np.float64(256.05)), ('buy', Timestamp('2025-01-26 03:00:00'), np.float64(258.42)), ('sell', Timestamp('2025-01-26 08:00:00'), np.float64(256.45))]
2025-02-03 16:22:18 INFO: Backtest ADA: Profit = $-47.29, Trades: [('buy', Timestamp('2025-01-30 03:00:00'), np.float64(0.9675)), ('sell', Timestamp('2025-01-30 12:00:00'), np.float64(0.9555)), ('buy', Timestamp('2025-01-30 14:00:00'), np.float64(0.978)), ('sell', Timestamp('2025-01-30 19:00:00'), np.float64(0.9685)), ('buy', Timestamp('2025-01-31 11:00:00'), np.float64(0.9742)), ('sell', Timestamp('2025-01-31 18:00:00'), np.float64(0.949))]
2025-02-03 19:24:07 INFO: Trading Mode: backtest
2025-02-03 19:24:08 ERROR: Error fetching OHLCV for ETH: binance {"code":-2008,"msg":"Invalid Api-Key ID."}
2025-02-03 19:24:08 ERROR: No data available for backtesting ETH.
2025-02-03 19:24:08 ERROR: Error fetching OHLCV for BNB: binance {"code":-2008,"msg":"Invalid Api-Key ID."}
2025-02-03 19:24:08 ERROR: No data available for backtesting BNB.
2025-02-03 19:24:08 ERROR: Error fetching OHLCV for SOL: binance {"code":-2008,"msg":"Invalid Api-Key ID."}
2025-02-03 19:24:08 ERROR: No data available for backtesting SOL.
2025-02-03 19:24:08 ERROR: Error fetching OHLCV for ADA: binance {"code":-2008,"msg":"Invalid Api-Key ID."}
2025-02-03 19:24:08 ERROR: No data available for backtesting ADA.
2025-02-03 19:25:29 INFO: Trading Mode: backtest
2025-02-03 19:25:37 INFO: Backtest Results for ETH:
2025-02-03 19:25:37 INFO: Profit: $0.00 (0.00%)
2025-02-03 19:25:37 INFO: Max Drawdown: 0.00%
2025-02-03 19:25:37 INFO: Number of Trades: 0
2025-02-03 19:25:37 INFO: Win Rate: 0.00%
2025-02-03 19:25:38 INFO: Backtest Results for BNB:
2025-02-03 19:25:38 INFO: Profit: $0.00 (0.00%)
2025-02-03 19:25:38 INFO: Max Drawdown: 0.00%
2025-02-03 19:25:38 INFO: Number of Trades: 0
2025-02-03 19:25:38 INFO: Win Rate: 0.00%
2025-02-03 19:25:40 INFO: Backtest Results for SOL:
2025-02-03 19:25:40 INFO: Profit: $0.00 (0.00%)
2025-02-03 19:25:40 INFO: Max Drawdown: 0.00%
2025-02-03 19:25:40 INFO: Number of Trades: 0
2025-02-03 19:25:40 INFO: Win Rate: 0.00%
2025-02-03 19:25:41 INFO: Backtest Results for ADA:
2025-02-03 19:25:41 INFO: Profit: $0.00 (0.00%)
2025-02-03 19:25:41 INFO: Max Drawdown: 0.00%
2025-02-03 19:25:41 INFO: Number of Trades: 0
2025-02-03 19:25:41 INFO: Win Rate: 0.00%
2025-02-03 19:28:10 INFO: Trading Mode: backtest
2025-02-03 19:28:16 INFO: Backtest Results for ETH/USDT:
2025-02-03 19:28:16 INFO: Profit: $0.00 (0.00%)
2025-02-03 19:28:16 INFO: Max Drawdown: 0.00%
2025-02-03 19:28:16 INFO: Number of Trades: 0
2025-02-03 19:28:16 INFO: Win Rate: 0.00%
2025-02-03 19:28:18 INFO: Backtest Results for BNB/USDT:
2025-02-03 19:28:18 INFO: Profit: $0.00 (0.00%)
2025-02-03 19:28:18 INFO: Max Drawdown: 0.00%
2025-02-03 19:28:18 INFO: Number of Trades: 0
2025-02-03 19:28:18 INFO: Win Rate: 0.00%
2025-02-03 19:28:19 INFO: Backtest Results for SOL/USDT:
2025-02-03 19:28:19 INFO: Profit: $0.00 (0.00%)
2025-02-03 19:28:19 INFO: Max Drawdown: 0.00%
2025-02-03 19:28:19 INFO: Number of Trades: 0
2025-02-03 19:28:19 INFO: Win Rate: 0.00%
2025-02-03 19:28:21 INFO: Backtest Results for ADA/USDT:
2025-02-03 19:28:21 INFO: Profit: $0.00 (0.00%)
2025-02-03 19:28:21 INFO: Max Drawdown: 0.00%
2025-02-03 19:28:21 INFO: Number of Trades: 0
2025-02-03 19:28:21 INFO: Win Rate: 0.00%
2025-02-03 19:29:24 INFO: Trading Mode: backtest
2025-02-03 19:29:30 INFO: Backtest Results for ETH/USDT:
2025-02-03 19:29:30 INFO: Profit: $-11.13 (-15.90%)
2025-02-03 19:29:30 INFO: Max Drawdown: 18.82%
2025-02-03 19:29:30 INFO: Number of Trades: 55
2025-02-03 19:29:30 INFO: Win Rate: 100.00%
2025-02-03 19:29:32 INFO: Backtest Results for BNB/USDT:
2025-02-03 19:29:32 INFO: Profit: $-7.75 (-11.07%)
2025-02-03 19:29:32 INFO: Max Drawdown: 14.97%
2025-02-03 19:29:32 INFO: Number of Trades: 58
2025-02-03 19:29:32 INFO: Win Rate: 100.00%
2025-02-03 19:29:33 INFO: Backtest Results for SOL/USDT:
2025-02-03 19:29:33 INFO: Profit: $-10.10 (-14.44%)
2025-02-03 19:29:33 INFO: Max Drawdown: 18.79%
2025-02-03 19:29:33 INFO: Number of Trades: 51
2025-02-03 19:29:33 INFO: Win Rate: 100.00%
2025-02-03 19:29:35 INFO: Backtest Results for ADA/USDT:
2025-02-03 19:29:35 INFO: Profit: $-9.25 (-13.21%)
2025-02-03 19:29:35 INFO: Max Drawdown: 21.83%
2025-02-03 19:29:35 INFO: Number of Trades: 50
2025-02-03 19:29:35 INFO: Win Rate: 100.00%
2025-02-03 19:31:13 INFO: Trading Mode: backtest
2025-02-03 19:31:22 INFO: 
Backtest Results for ETH/USDT:
2025-02-03 19:31:22 INFO: Profit/Loss: $-4.98 (-7.12%)
2025-02-03 19:31:22 INFO: Max Drawdown: 10.03%
2025-02-03 19:31:22 INFO: Number of Trades: 59
2025-02-03 19:31:22 INFO: Win Rate: 35.59%
2025-02-03 19:31:22 INFO: Total Fees: $2.37
2025-02-03 19:31:22 INFO: Average Trade P/L: $-0.06
2025-02-03 19:31:24 INFO: 
Backtest Results for BNB/USDT:
2025-02-03 19:31:24 INFO: Profit/Loss: $-5.13 (-7.33%)
2025-02-03 19:31:24 INFO: Max Drawdown: 9.41%
2025-02-03 19:31:24 INFO: Number of Trades: 68
2025-02-03 19:31:24 INFO: Win Rate: 32.35%
2025-02-03 19:31:24 INFO: Total Fees: $2.74
2025-02-03 19:31:24 INFO: Average Trade P/L: $-0.06
2025-02-03 19:31:26 INFO: 
Backtest Results for SOL/USDT:
2025-02-03 19:31:26 INFO: Profit/Loss: $-6.19 (-8.84%)
2025-02-03 19:31:26 INFO: Max Drawdown: 11.20%
2025-02-03 19:31:26 INFO: Number of Trades: 57
2025-02-03 19:31:26 INFO: Win Rate: 33.33%
2025-02-03 19:31:26 INFO: Total Fees: $2.26
2025-02-03 19:31:26 INFO: Average Trade P/L: $-0.09
2025-02-03 19:31:28 INFO: 
Backtest Results for ADA/USDT:
2025-02-03 19:31:28 INFO: Profit/Loss: $-5.10 (-7.29%)
2025-02-03 19:31:28 INFO: Max Drawdown: 12.33%
2025-02-03 19:31:28 INFO: Number of Trades: 57
2025-02-03 19:31:28 INFO: Win Rate: 36.84%
2025-02-03 19:31:28 INFO: Total Fees: $2.29
2025-02-03 19:31:28 INFO: Average Trade P/L: $-0.07
