2025-02-25 00:52:41,917 - INFO - [crypto_trading_bot.py:946] - === Trading Bot Started ===
2025-02-25 00:52:41,918 - INFO - [crypto_trading_bot.py:947] - Python version: 3.11.11 | packaged by Anaconda, Inc. | (main, Dec 11 2024, 16:34:19) [MSC v.1929 64 bit (AMD64)]
2025-02-25 00:52:41,919 - INFO - [crypto_trading_bot.py:948] - Operating System: nt
2025-02-25 00:52:41,919 - INFO - [crypto_trading_bot.py:949] - Trading Mode: live
2025-02-25 00:52:41,920 - INFO - [crypto_trading_bot.py:950] - Trading Pairs: ['ETH/USDT', 'BNB/USDT', 'SOL/USDT', 'ADA/USDT']
2025-02-25 00:52:41,926 - INFO - [crypto_trading_bot.py:993] - Starting live trading mode
2025-02-25 00:52:41,960 - ERROR - [crypto_trading_bot.py:887] - Error processing ETH/USDT: MarketDataHandler.fetch_altcoin_data() got an unexpected keyword argument 'limit'
2025-02-25 00:52:41,962 - ERROR - [crypto_trading_bot.py:887] - Error processing BNB/USDT: MarketDataHandler.fetch_altcoin_data() got an unexpected keyword argument 'limit'
2025-02-25 00:52:41,962 - ERROR - [crypto_trading_bot.py:887] - Error processing SOL/USDT: MarketDataHandler.fetch_altcoin_data() got an unexpected keyword argument 'limit'
2025-02-25 00:52:41,963 - ERROR - [crypto_trading_bot.py:887] - Error processing ADA/USDT: MarketDataHandler.fetch_altcoin_data() got an unexpected keyword argument 'limit'
2025-02-25 01:07:42,066 - ERROR - [crypto_trading_bot.py:887] - Error processing ETH/USDT: MarketDataHandler.fetch_altcoin_data() got an unexpected keyword argument 'limit'
2025-02-25 01:07:42,091 - ERROR - [crypto_trading_bot.py:887] - Error processing BNB/USDT: MarketDataHandler.fetch_altcoin_data() got an unexpected keyword argument 'limit'
2025-02-25 01:07:42,092 - ERROR - [crypto_trading_bot.py:887] - Error processing SOL/USDT: MarketDataHandler.fetch_altcoin_data() got an unexpected keyword argument 'limit'
2025-02-25 01:07:42,092 - ERROR - [crypto_trading_bot.py:887] - Error processing ADA/USDT: MarketDataHandler.fetch_altcoin_data() got an unexpected keyword argument 'limit'
2025-02-25 01:22:42,096 - ERROR - [crypto_trading_bot.py:887] - Error processing ETH/USDT: MarketDataHandler.fetch_altcoin_data() got an unexpected keyword argument 'limit'
2025-02-25 01:22:42,097 - ERROR - [crypto_trading_bot.py:887] - Error processing BNB/USDT: MarketDataHandler.fetch_altcoin_data() got an unexpected keyword argument 'limit'
2025-02-25 01:22:42,097 - ERROR - [crypto_trading_bot.py:887] - Error processing SOL/USDT: MarketDataHandler.fetch_altcoin_data() got an unexpected keyword argument 'limit'
2025-02-25 01:22:42,097 - ERROR - [crypto_trading_bot.py:887] - Error processing ADA/USDT: MarketDataHandler.fetch_altcoin_data() got an unexpected keyword argument 'limit'
2025-02-25 01:37:42,107 - ERROR - [crypto_trading_bot.py:887] - Error processing ETH/USDT: MarketDataHandler.fetch_altcoin_data() got an unexpected keyword argument 'limit'
2025-02-25 01:37:42,109 - ERROR - [crypto_trading_bot.py:887] - Error processing BNB/USDT: MarketDataHandler.fetch_altcoin_data() got an unexpected keyword argument 'limit'
2025-02-25 01:37:42,109 - ERROR - [crypto_trading_bot.py:887] - Error processing SOL/USDT: MarketDataHandler.fetch_altcoin_data() got an unexpected keyword argument 'limit'
2025-02-25 01:37:42,110 - ERROR - [crypto_trading_bot.py:887] - Error processing ADA/USDT: MarketDataHandler.fetch_altcoin_data() got an unexpected keyword argument 'limit'
2025-02-25 01:52:42,193 - ERROR - [crypto_trading_bot.py:887] - Error processing ETH/USDT: MarketDataHandler.fetch_altcoin_data() got an unexpected keyword argument 'limit'
2025-02-25 01:52:42,203 - ERROR - [crypto_trading_bot.py:887] - Error processing BNB/USDT: MarketDataHandler.fetch_altcoin_data() got an unexpected keyword argument 'limit'
2025-02-25 01:52:42,204 - ERROR - [crypto_trading_bot.py:887] - Error processing SOL/USDT: MarketDataHandler.fetch_altcoin_data() got an unexpected keyword argument 'limit'
2025-02-25 01:52:42,207 - ERROR - [crypto_trading_bot.py:887] - Error processing ADA/USDT: MarketDataHandler.fetch_altcoin_data() got an unexpected keyword argument 'limit'
2025-02-25 02:07:42,222 - ERROR - [crypto_trading_bot.py:887] - Error processing ETH/USDT: MarketDataHandler.fetch_altcoin_data() got an unexpected keyword argument 'limit'
2025-02-25 02:07:42,226 - ERROR - [crypto_trading_bot.py:887] - Error processing BNB/USDT: MarketDataHandler.fetch_altcoin_data() got an unexpected keyword argument 'limit'
2025-02-25 02:07:42,227 - ERROR - [crypto_trading_bot.py:887] - Error processing SOL/USDT: MarketDataHandler.fetch_altcoin_data() got an unexpected keyword argument 'limit'
2025-02-25 02:07:42,230 - ERROR - [crypto_trading_bot.py:887] - Error processing ADA/USDT: MarketDataHandler.fetch_altcoin_data() got an unexpected keyword argument 'limit'
2025-02-25 02:22:42,254 - ERROR - [crypto_trading_bot.py:887] - Error processing ETH/USDT: MarketDataHandler.fetch_altcoin_data() got an unexpected keyword argument 'limit'
2025-02-25 02:22:42,259 - ERROR - [crypto_trading_bot.py:887] - Error processing BNB/USDT: MarketDataHandler.fetch_altcoin_data() got an unexpected keyword argument 'limit'
2025-02-25 02:22:42,261 - ERROR - [crypto_trading_bot.py:887] - Error processing SOL/USDT: MarketDataHandler.fetch_altcoin_data() got an unexpected keyword argument 'limit'
2025-02-25 02:22:42,262 - ERROR - [crypto_trading_bot.py:887] - Error processing ADA/USDT: MarketDataHandler.fetch_altcoin_data() got an unexpected keyword argument 'limit'
2025-02-25 02:37:42,272 - ERROR - [crypto_trading_bot.py:887] - Error processing ETH/USDT: MarketDataHandler.fetch_altcoin_data() got an unexpected keyword argument 'limit'
2025-02-25 02:37:42,276 - ERROR - [crypto_trading_bot.py:887] - Error processing BNB/USDT: MarketDataHandler.fetch_altcoin_data() got an unexpected keyword argument 'limit'
2025-02-25 02:37:42,281 - ERROR - [crypto_trading_bot.py:887] - Error processing SOL/USDT: MarketDataHandler.fetch_altcoin_data() got an unexpected keyword argument 'limit'
2025-02-25 02:37:42,283 - ERROR - [crypto_trading_bot.py:887] - Error processing ADA/USDT: MarketDataHandler.fetch_altcoin_data() got an unexpected keyword argument 'limit'
2025-02-25 02:52:42,324 - ERROR - [crypto_trading_bot.py:887] - Error processing ETH/USDT: MarketDataHandler.fetch_altcoin_data() got an unexpected keyword argument 'limit'
2025-02-25 02:52:42,333 - ERROR - [crypto_trading_bot.py:887] - Error processing BNB/USDT: MarketDataHandler.fetch_altcoin_data() got an unexpected keyword argument 'limit'
2025-02-25 02:52:42,334 - ERROR - [crypto_trading_bot.py:887] - Error processing SOL/USDT: MarketDataHandler.fetch_altcoin_data() got an unexpected keyword argument 'limit'
2025-02-25 02:52:42,335 - ERROR - [crypto_trading_bot.py:887] - Error processing ADA/USDT: MarketDataHandler.fetch_altcoin_data() got an unexpected keyword argument 'limit'
2025-02-25 03:07:42,350 - ERROR - [crypto_trading_bot.py:887] - Error processing ETH/USDT: MarketDataHandler.fetch_altcoin_data() got an unexpected keyword argument 'limit'
2025-02-25 03:07:42,353 - ERROR - [crypto_trading_bot.py:887] - Error processing BNB/USDT: MarketDataHandler.fetch_altcoin_data() got an unexpected keyword argument 'limit'
2025-02-25 03:07:42,354 - ERROR - [crypto_trading_bot.py:887] - Error processing SOL/USDT: MarketDataHandler.fetch_altcoin_data() got an unexpected keyword argument 'limit'
2025-02-25 03:07:42,354 - ERROR - [crypto_trading_bot.py:887] - Error processing ADA/USDT: MarketDataHandler.fetch_altcoin_data() got an unexpected keyword argument 'limit'
2025-02-25 03:22:42,613 - ERROR - [crypto_trading_bot.py:887] - Error processing ETH/USDT: MarketDataHandler.fetch_altcoin_data() got an unexpected keyword argument 'limit'
2025-02-25 03:22:42,626 - ERROR - [crypto_trading_bot.py:887] - Error processing BNB/USDT: MarketDataHandler.fetch_altcoin_data() got an unexpected keyword argument 'limit'
2025-02-25 03:22:42,627 - ERROR - [crypto_trading_bot.py:887] - Error processing SOL/USDT: MarketDataHandler.fetch_altcoin_data() got an unexpected keyword argument 'limit'
2025-02-25 03:22:42,634 - ERROR - [crypto_trading_bot.py:887] - Error processing ADA/USDT: MarketDataHandler.fetch_altcoin_data() got an unexpected keyword argument 'limit'
2025-02-25 03:37:42,682 - ERROR - [crypto_trading_bot.py:887] - Error processing ETH/USDT: MarketDataHandler.fetch_altcoin_data() got an unexpected keyword argument 'limit'
2025-02-25 03:37:42,689 - ERROR - [crypto_trading_bot.py:887] - Error processing BNB/USDT: MarketDataHandler.fetch_altcoin_data() got an unexpected keyword argument 'limit'
2025-02-25 03:37:42,689 - ERROR - [crypto_trading_bot.py:887] - Error processing SOL/USDT: MarketDataHandler.fetch_altcoin_data() got an unexpected keyword argument 'limit'
2025-02-25 03:37:42,690 - ERROR - [crypto_trading_bot.py:887] - Error processing ADA/USDT: MarketDataHandler.fetch_altcoin_data() got an unexpected keyword argument 'limit'
