2025-02-25 18:42:59,522 - INFO - [crypto_trading_bot.py:1039] - === Trading Bot Started ===
2025-02-25 18:42:59,523 - INFO - [crypto_trading_bot.py:1040] - Python version: 3.11.11 | packaged by Anaconda, Inc. | (main, Dec 11 2024, 16:34:19) [MSC v.1929 64 bit (AMD64)]
2025-02-25 18:42:59,524 - INFO - [crypto_trading_bot.py:1041] - Operating System: nt
2025-02-25 18:42:59,525 - INFO - [crypto_trading_bot.py:1042] - Trading Mode: live
2025-02-25 18:42:59,526 - INFO - [crypto_trading_bot.py:1043] - Trading Pairs: ['ETH/USDT', 'BNB/USDT', 'SOL/USDT', 'ADA/USDT']
2025-02-25 18:42:59,529 - INFO - [crypto_trading_bot.py:1083] - Starting live trading mode
2025-02-25 18:42:59,567 - INFO - [crypto_trading_bot.py:120] - Fetching 1 days of 15m data for SOL/USDT
2025-02-25 18:43:16,761 - WARNING - [crypto_trading_bot.py:143] - No data returned for SOL/USDT at timestamp 1740508200001
2025-02-25 18:43:16,832 - INFO - [crypto_trading_bot.py:177] - Successfully fetched 96 candles for SOL/USDT
2025-02-25 18:43:16,887 - ERROR - [crypto_trading_bot.py:392] - Error generating signal: 'SignalGenerator' object has no attribute 'in_position'
2025-02-25 18:43:16,906 - ERROR - [crypto_trading_bot.py:392] - Error generating signal: 'SignalGenerator' object has no attribute 'in_position'
2025-02-25 18:43:16,938 - ERROR - [crypto_trading_bot.py:392] - Error generating signal: 'SignalGenerator' object has no attribute 'in_position'
2025-02-25 18:43:16,950 - ERROR - [crypto_trading_bot.py:392] - Error generating signal: 'SignalGenerator' object has no attribute 'in_position'
2025-02-25 18:43:16,969 - ERROR - [crypto_trading_bot.py:392] - Error generating signal: 'SignalGenerator' object has no attribute 'in_position'
2025-02-25 18:43:16,982 - ERROR - [crypto_trading_bot.py:392] - Error generating signal: 'SignalGenerator' object has no attribute 'in_position'
2025-02-25 18:43:16,998 - ERROR - [crypto_trading_bot.py:392] - Error generating signal: 'SignalGenerator' object has no attribute 'in_position'
2025-02-25 18:43:17,019 - ERROR - [crypto_trading_bot.py:392] - Error generating signal: 'SignalGenerator' object has no attribute 'in_position'
2025-02-25 18:43:17,029 - ERROR - [crypto_trading_bot.py:392] - Error generating signal: 'SignalGenerator' object has no attribute 'in_position'
2025-02-25 18:43:17,042 - ERROR - [crypto_trading_bot.py:392] - Error generating signal: 'SignalGenerator' object has no attribute 'in_position'
2025-02-25 18:43:17,056 - ERROR - [crypto_trading_bot.py:392] - Error generating signal: 'SignalGenerator' object has no attribute 'in_position'
2025-02-25 18:43:17,065 - ERROR - [crypto_trading_bot.py:392] - Error generating signal: 'SignalGenerator' object has no attribute 'in_position'
2025-02-25 18:43:17,078 - ERROR - [crypto_trading_bot.py:392] - Error generating signal: 'SignalGenerator' object has no attribute 'in_position'
2025-02-25 18:43:17,091 - ERROR - [crypto_trading_bot.py:392] - Error generating signal: 'SignalGenerator' object has no attribute 'in_position'
2025-02-25 18:43:17,105 - ERROR - [crypto_trading_bot.py:392] - Error generating signal: 'SignalGenerator' object has no attribute 'in_position'
2025-02-25 18:43:17,116 - ERROR - [crypto_trading_bot.py:392] - Error generating signal: 'SignalGenerator' object has no attribute 'in_position'
2025-02-25 18:43:17,130 - ERROR - [crypto_trading_bot.py:392] - Error generating signal: 'SignalGenerator' object has no attribute 'in_position'
2025-02-25 18:43:17,141 - ERROR - [crypto_trading_bot.py:392] - Error generating signal: 'SignalGenerator' object has no attribute 'in_position'
2025-02-25 18:43:17,155 - ERROR - [crypto_trading_bot.py:392] - Error generating signal: 'SignalGenerator' object has no attribute 'in_position'
2025-02-25 18:43:17,173 - ERROR - [crypto_trading_bot.py:392] - Error generating signal: 'SignalGenerator' object has no attribute 'in_position'
2025-02-25 18:43:17,189 - ERROR - [crypto_trading_bot.py:392] - Error generating signal: 'SignalGenerator' object has no attribute 'in_position'
2025-02-25 18:43:17,203 - ERROR - [crypto_trading_bot.py:392] - Error generating signal: 'SignalGenerator' object has no attribute 'in_position'
2025-02-25 18:43:17,222 - ERROR - [crypto_trading_bot.py:392] - Error generating signal: 'SignalGenerator' object has no attribute 'in_position'
2025-02-25 18:43:17,233 - ERROR - [crypto_trading_bot.py:392] - Error generating signal: 'SignalGenerator' object has no attribute 'in_position'
2025-02-25 18:43:17,246 - ERROR - [crypto_trading_bot.py:392] - Error generating signal: 'SignalGenerator' object has no attribute 'in_position'
2025-02-25 18:43:17,261 - ERROR - [crypto_trading_bot.py:392] - Error generating signal: 'SignalGenerator' object has no attribute 'in_position'
2025-02-25 18:43:17,275 - ERROR - [crypto_trading_bot.py:392] - Error generating signal: 'SignalGenerator' object has no attribute 'in_position'
2025-02-25 18:43:17,287 - ERROR - [crypto_trading_bot.py:392] - Error generating signal: 'SignalGenerator' object has no attribute 'in_position'
2025-02-25 18:43:17,303 - ERROR - [crypto_trading_bot.py:392] - Error generating signal: 'SignalGenerator' object has no attribute 'in_position'
2025-02-25 18:43:17,313 - ERROR - [crypto_trading_bot.py:392] - Error generating signal: 'SignalGenerator' object has no attribute 'in_position'
2025-02-25 18:43:17,330 - ERROR - [crypto_trading_bot.py:392] - Error generating signal: 'SignalGenerator' object has no attribute 'in_position'
2025-02-25 18:43:17,343 - ERROR - [crypto_trading_bot.py:392] - Error generating signal: 'SignalGenerator' object has no attribute 'in_position'
2025-02-25 18:43:17,359 - ERROR - [crypto_trading_bot.py:392] - Error generating signal: 'SignalGenerator' object has no attribute 'in_position'
2025-02-25 18:43:17,375 - ERROR - [crypto_trading_bot.py:392] - Error generating signal: 'SignalGenerator' object has no attribute 'in_position'
2025-02-25 18:43:17,389 - ERROR - [crypto_trading_bot.py:392] - Error generating signal: 'SignalGenerator' object has no attribute 'in_position'
2025-02-25 18:43:17,403 - ERROR - [crypto_trading_bot.py:392] - Error generating signal: 'SignalGenerator' object has no attribute 'in_position'
2025-02-25 18:43:17,420 - ERROR - [crypto_trading_bot.py:392] - Error generating signal: 'SignalGenerator' object has no attribute 'in_position'
2025-02-25 18:43:17,433 - ERROR - [crypto_trading_bot.py:392] - Error generating signal: 'SignalGenerator' object has no attribute 'in_position'
2025-02-25 18:43:17,447 - ERROR - [crypto_trading_bot.py:392] - Error generating signal: 'SignalGenerator' object has no attribute 'in_position'
2025-02-25 18:43:17,461 - ERROR - [crypto_trading_bot.py:392] - Error generating signal: 'SignalGenerator' object has no attribute 'in_position'
2025-02-25 18:43:17,479 - ERROR - [crypto_trading_bot.py:392] - Error generating signal: 'SignalGenerator' object has no attribute 'in_position'
2025-02-25 18:43:17,493 - ERROR - [crypto_trading_bot.py:392] - Error generating signal: 'SignalGenerator' object has no attribute 'in_position'
2025-02-25 18:43:17,509 - ERROR - [crypto_trading_bot.py:392] - Error generating signal: 'SignalGenerator' object has no attribute 'in_position'
2025-02-25 18:43:17,523 - ERROR - [crypto_trading_bot.py:392] - Error generating signal: 'SignalGenerator' object has no attribute 'in_position'
2025-02-25 18:43:17,533 - ERROR - [crypto_trading_bot.py:392] - Error generating signal: 'SignalGenerator' object has no attribute 'in_position'
2025-02-25 18:43:17,545 - ERROR - [crypto_trading_bot.py:392] - Error generating signal: 'SignalGenerator' object has no attribute 'in_position'
2025-02-25 18:43:17,560 - ERROR - [crypto_trading_bot.py:392] - Error generating signal: 'SignalGenerator' object has no attribute 'in_position'
2025-02-25 18:43:17,570 - ERROR - [crypto_trading_bot.py:392] - Error generating signal: 'SignalGenerator' object has no attribute 'in_position'
2025-02-25 18:43:17,582 - ERROR - [crypto_trading_bot.py:392] - Error generating signal: 'SignalGenerator' object has no attribute 'in_position'
2025-02-25 18:43:17,595 - ERROR - [crypto_trading_bot.py:392] - Error generating signal: 'SignalGenerator' object has no attribute 'in_position'
2025-02-25 18:43:17,608 - ERROR - [crypto_trading_bot.py:392] - Error generating signal: 'SignalGenerator' object has no attribute 'in_position'
2025-02-25 18:43:17,617 - ERROR - [crypto_trading_bot.py:392] - Error generating signal: 'SignalGenerator' object has no attribute 'in_position'
2025-02-25 18:43:17,633 - ERROR - [crypto_trading_bot.py:392] - Error generating signal: 'SignalGenerator' object has no attribute 'in_position'
2025-02-25 18:43:17,647 - ERROR - [crypto_trading_bot.py:392] - Error generating signal: 'SignalGenerator' object has no attribute 'in_position'
2025-02-25 18:43:17,739 - ERROR - [crypto_trading_bot.py:392] - Error generating signal: 'SignalGenerator' object has no attribute 'in_position'
2025-02-25 18:43:17,807 - ERROR - [crypto_trading_bot.py:392] - Error generating signal: 'SignalGenerator' object has no attribute 'in_position'
2025-02-25 18:43:17,889 - ERROR - [crypto_trading_bot.py:392] - Error generating signal: 'SignalGenerator' object has no attribute 'in_position'
2025-02-25 18:43:17,964 - ERROR - [crypto_trading_bot.py:392] - Error generating signal: 'SignalGenerator' object has no attribute 'in_position'
2025-02-25 18:43:17,990 - ERROR - [crypto_trading_bot.py:392] - Error generating signal: 'SignalGenerator' object has no attribute 'in_position'
2025-02-25 18:43:18,001 - ERROR - [crypto_trading_bot.py:392] - Error generating signal: 'SignalGenerator' object has no attribute 'in_position'
2025-02-25 18:43:18,012 - ERROR - [crypto_trading_bot.py:392] - Error generating signal: 'SignalGenerator' object has no attribute 'in_position'
2025-02-25 18:43:18,063 - ERROR - [crypto_trading_bot.py:392] - Error generating signal: 'SignalGenerator' object has no attribute 'in_position'
2025-02-25 18:43:18,074 - ERROR - [crypto_trading_bot.py:392] - Error generating signal: 'SignalGenerator' object has no attribute 'in_position'
2025-02-25 18:43:18,084 - ERROR - [crypto_trading_bot.py:392] - Error generating signal: 'SignalGenerator' object has no attribute 'in_position'
2025-02-25 18:43:18,097 - ERROR - [crypto_trading_bot.py:392] - Error generating signal: 'SignalGenerator' object has no attribute 'in_position'
2025-02-25 18:43:18,111 - ERROR - [crypto_trading_bot.py:392] - Error generating signal: 'SignalGenerator' object has no attribute 'in_position'
2025-02-25 18:43:18,125 - ERROR - [crypto_trading_bot.py:392] - Error generating signal: 'SignalGenerator' object has no attribute 'in_position'
2025-02-25 18:43:18,138 - ERROR - [crypto_trading_bot.py:392] - Error generating signal: 'SignalGenerator' object has no attribute 'in_position'
2025-02-25 18:43:18,154 - ERROR - [crypto_trading_bot.py:392] - Error generating signal: 'SignalGenerator' object has no attribute 'in_position'
2025-02-25 18:43:18,165 - ERROR - [crypto_trading_bot.py:392] - Error generating signal: 'SignalGenerator' object has no attribute 'in_position'
2025-02-25 18:43:18,178 - ERROR - [crypto_trading_bot.py:392] - Error generating signal: 'SignalGenerator' object has no attribute 'in_position'
2025-02-25 18:43:18,192 - ERROR - [crypto_trading_bot.py:392] - Error generating signal: 'SignalGenerator' object has no attribute 'in_position'
2025-02-25 18:43:18,208 - ERROR - [crypto_trading_bot.py:392] - Error generating signal: 'SignalGenerator' object has no attribute 'in_position'
2025-02-25 18:43:18,218 - ERROR - [crypto_trading_bot.py:392] - Error generating signal: 'SignalGenerator' object has no attribute 'in_position'
2025-02-25 18:43:18,233 - ERROR - [crypto_trading_bot.py:392] - Error generating signal: 'SignalGenerator' object has no attribute 'in_position'
2025-02-25 18:43:18,247 - ERROR - [crypto_trading_bot.py:392] - Error generating signal: 'SignalGenerator' object has no attribute 'in_position'
2025-02-25 18:43:18,261 - ERROR - [crypto_trading_bot.py:392] - Error generating signal: 'SignalGenerator' object has no attribute 'in_position'
2025-02-25 18:43:18,272 - ERROR - [crypto_trading_bot.py:392] - Error generating signal: 'SignalGenerator' object has no attribute 'in_position'
2025-02-25 18:43:18,283 - ERROR - [crypto_trading_bot.py:392] - Error generating signal: 'SignalGenerator' object has no attribute 'in_position'
2025-02-25 18:43:18,301 - ERROR - [crypto_trading_bot.py:392] - Error generating signal: 'SignalGenerator' object has no attribute 'in_position'
2025-02-25 18:43:18,332 - ERROR - [crypto_trading_bot.py:392] - Error generating signal: 'SignalGenerator' object has no attribute 'in_position'
2025-02-25 18:43:18,346 - ERROR - [crypto_trading_bot.py:392] - Error generating signal: 'SignalGenerator' object has no attribute 'in_position'
2025-02-25 18:43:18,361 - ERROR - [crypto_trading_bot.py:392] - Error generating signal: 'SignalGenerator' object has no attribute 'in_position'
2025-02-25 18:43:18,375 - ERROR - [crypto_trading_bot.py:392] - Error generating signal: 'SignalGenerator' object has no attribute 'in_position'
2025-02-25 18:43:18,389 - ERROR - [crypto_trading_bot.py:392] - Error generating signal: 'SignalGenerator' object has no attribute 'in_position'
2025-02-25 18:43:18,399 - ERROR - [crypto_trading_bot.py:392] - Error generating signal: 'SignalGenerator' object has no attribute 'in_position'
2025-02-25 18:43:18,413 - ERROR - [crypto_trading_bot.py:392] - Error generating signal: 'SignalGenerator' object has no attribute 'in_position'
2025-02-25 18:43:18,426 - ERROR - [crypto_trading_bot.py:392] - Error generating signal: 'SignalGenerator' object has no attribute 'in_position'
2025-02-25 18:43:18,442 - ERROR - [crypto_trading_bot.py:392] - Error generating signal: 'SignalGenerator' object has no attribute 'in_position'
2025-02-25 18:43:18,455 - ERROR - [crypto_trading_bot.py:392] - Error generating signal: 'SignalGenerator' object has no attribute 'in_position'
2025-02-25 18:43:18,466 - ERROR - [crypto_trading_bot.py:392] - Error generating signal: 'SignalGenerator' object has no attribute 'in_position'
2025-02-25 18:43:18,478 - ERROR - [crypto_trading_bot.py:392] - Error generating signal: 'SignalGenerator' object has no attribute 'in_position'
2025-02-25 18:43:18,494 - ERROR - [crypto_trading_bot.py:392] - Error generating signal: 'SignalGenerator' object has no attribute 'in_position'
2025-02-25 18:43:18,508 - ERROR - [crypto_trading_bot.py:392] - Error generating signal: 'SignalGenerator' object has no attribute 'in_position'
2025-02-25 18:43:18,517 - ERROR - [crypto_trading_bot.py:392] - Error generating signal: 'SignalGenerator' object has no attribute 'in_position'
2025-02-25 18:43:18,531 - ERROR - [crypto_trading_bot.py:392] - Error generating signal: 'SignalGenerator' object has no attribute 'in_position'
2025-02-25 18:43:18,542 - ERROR - [crypto_trading_bot.py:392] - Error generating signal: 'SignalGenerator' object has no attribute 'in_position'
2025-02-25 18:43:18,552 - ERROR - [crypto_trading_bot.py:392] - Error generating signal: 'SignalGenerator' object has no attribute 'in_position'
2025-02-25 18:43:18,563 - ERROR - [crypto_trading_bot.py:392] - Error generating signal: 'SignalGenerator' object has no attribute 'in_position'
2025-02-25 18:43:18,576 - ERROR - [crypto_trading_bot.py:392] - Error generating signal: 'SignalGenerator' object has no attribute 'in_position'
2025-02-25 18:43:18,592 - ERROR - [crypto_trading_bot.py:392] - Error generating signal: 'SignalGenerator' object has no attribute 'in_position'
2025-02-25 18:43:18,601 - ERROR - [crypto_trading_bot.py:392] - Error generating signal: 'SignalGenerator' object has no attribute 'in_position'
2025-02-25 18:43:18,616 - ERROR - [crypto_trading_bot.py:392] - Error generating signal: 'SignalGenerator' object has no attribute 'in_position'
2025-02-25 18:43:18,630 - ERROR - [crypto_trading_bot.py:392] - Error generating signal: 'SignalGenerator' object has no attribute 'in_position'
2025-02-25 18:43:18,646 - ERROR - [crypto_trading_bot.py:392] - Error generating signal: 'SignalGenerator' object has no attribute 'in_position'
2025-02-25 18:43:18,660 - ERROR - [crypto_trading_bot.py:392] - Error generating signal: 'SignalGenerator' object has no attribute 'in_position'
2025-02-25 18:43:18,675 - ERROR - [crypto_trading_bot.py:392] - Error generating signal: 'SignalGenerator' object has no attribute 'in_position'
2025-02-25 18:43:18,685 - ERROR - [crypto_trading_bot.py:392] - Error generating signal: 'SignalGenerator' object has no attribute 'in_position'
2025-02-25 18:43:18,698 - ERROR - [crypto_trading_bot.py:392] - Error generating signal: 'SignalGenerator' object has no attribute 'in_position'
2025-02-25 18:43:18,713 - ERROR - [crypto_trading_bot.py:392] - Error generating signal: 'SignalGenerator' object has no attribute 'in_position'
2025-02-25 18:43:18,728 - ERROR - [crypto_trading_bot.py:392] - Error generating signal: 'SignalGenerator' object has no attribute 'in_position'
2025-02-25 18:43:18,743 - ERROR - [crypto_trading_bot.py:392] - Error generating signal: 'SignalGenerator' object has no attribute 'in_position'
2025-02-25 18:43:18,757 - ERROR - [crypto_trading_bot.py:392] - Error generating signal: 'SignalGenerator' object has no attribute 'in_position'
2025-02-25 18:43:18,766 - ERROR - [crypto_trading_bot.py:392] - Error generating signal: 'SignalGenerator' object has no attribute 'in_position'
2025-02-25 18:43:18,779 - ERROR - [crypto_trading_bot.py:392] - Error generating signal: 'SignalGenerator' object has no attribute 'in_position'
2025-02-25 18:43:18,793 - ERROR - [crypto_trading_bot.py:392] - Error generating signal: 'SignalGenerator' object has no attribute 'in_position'
2025-02-25 18:43:18,811 - ERROR - [crypto_trading_bot.py:392] - Error generating signal: 'SignalGenerator' object has no attribute 'in_position'
2025-02-25 18:43:18,823 - ERROR - [crypto_trading_bot.py:392] - Error generating signal: 'SignalGenerator' object has no attribute 'in_position'
2025-02-25 18:43:18,835 - ERROR - [crypto_trading_bot.py:392] - Error generating signal: 'SignalGenerator' object has no attribute 'in_position'
2025-02-25 18:43:18,848 - ERROR - [crypto_trading_bot.py:392] - Error generating signal: 'SignalGenerator' object has no attribute 'in_position'
2025-02-25 18:43:18,862 - ERROR - [crypto_trading_bot.py:392] - Error generating signal: 'SignalGenerator' object has no attribute 'in_position'
2025-02-25 18:43:18,877 - ERROR - [crypto_trading_bot.py:392] - Error generating signal: 'SignalGenerator' object has no attribute 'in_position'
2025-02-25 18:43:18,892 - ERROR - [crypto_trading_bot.py:392] - Error generating signal: 'SignalGenerator' object has no attribute 'in_position'
2025-02-25 18:43:18,901 - ERROR - [crypto_trading_bot.py:392] - Error generating signal: 'SignalGenerator' object has no attribute 'in_position'
2025-02-25 18:43:18,914 - ERROR - [crypto_trading_bot.py:392] - Error generating signal: 'SignalGenerator' object has no attribute 'in_position'
2025-02-25 18:43:18,928 - ERROR - [crypto_trading_bot.py:392] - Error generating signal: 'SignalGenerator' object has no attribute 'in_position'
2025-02-25 18:43:18,944 - ERROR - [crypto_trading_bot.py:392] - Error generating signal: 'SignalGenerator' object has no attribute 'in_position'
2025-02-25 18:43:18,958 - ERROR - [crypto_trading_bot.py:392] - Error generating signal: 'SignalGenerator' object has no attribute 'in_position'
2025-02-25 18:43:18,969 - ERROR - [crypto_trading_bot.py:392] - Error generating signal: 'SignalGenerator' object has no attribute 'in_position'
2025-02-25 18:43:18,982 - ERROR - [crypto_trading_bot.py:392] - Error generating signal: 'SignalGenerator' object has no attribute 'in_position'
2025-02-25 18:43:18,997 - ERROR - [crypto_trading_bot.py:392] - Error generating signal: 'SignalGenerator' object has no attribute 'in_position'
2025-02-25 18:43:19,011 - ERROR - [crypto_trading_bot.py:392] - Error generating signal: 'SignalGenerator' object has no attribute 'in_position'
2025-02-25 18:43:19,025 - ERROR - [crypto_trading_bot.py:392] - Error generating signal: 'SignalGenerator' object has no attribute 'in_position'
2025-02-25 18:43:19,034 - ERROR - [crypto_trading_bot.py:392] - Error generating signal: 'SignalGenerator' object has no attribute 'in_position'
2025-02-25 18:43:19,048 - ERROR - [crypto_trading_bot.py:392] - Error generating signal: 'SignalGenerator' object has no attribute 'in_position'
2025-02-25 18:43:19,077 - ERROR - [crypto_trading_bot.py:392] - Error generating signal: 'SignalGenerator' object has no attribute 'in_position'
