2025-02-25 18:23:11,989 - INFO - [crypto_trading_bot.py:1039] - === Trading Bot Started ===
2025-02-25 18:23:11,990 - INFO - [crypto_trading_bot.py:1040] - Python version: 3.11.11 | packaged by Anaconda, Inc. | (main, Dec 11 2024, 16:34:19) [MSC v.1929 64 bit (AMD64)]
2025-02-25 18:23:11,991 - INFO - [crypto_trading_bot.py:1041] - Operating System: nt
2025-02-25 18:23:11,992 - INFO - [crypto_trading_bot.py:1042] - Trading Mode: live
2025-02-25 18:23:11,992 - INFO - [crypto_trading_bot.py:1043] - Trading Pairs: ['ETH/USDT', 'BNB/USDT', 'SOL/USDT', 'ADA/USDT']
2025-02-25 18:23:11,994 - INFO - [crypto_trading_bot.py:1083] - Starting live trading mode
2025-02-25 18:23:12,037 - INFO - [crypto_trading_bot.py:120] - Fetching 1 days of 15m data for SOL/USDT
2025-02-25 18:23:19,998 - WARNING - [crypto_trading_bot.py:143] - No data returned for SOL/USDT at timestamp 1740507300001
2025-02-25 18:23:20,061 - INFO - [crypto_trading_bot.py:177] - Successfully fetched 96 candles for SOL/USDT
2025-02-25 18:23:20,132 - ERROR - [crypto_trading_bot.py:392] - Error generating signal: 'SignalGenerator' object has no attribute 'in_position'
2025-02-25 18:23:20,146 - ERROR - [crypto_trading_bot.py:392] - Error generating signal: 'SignalGenerator' object has no attribute 'in_position'
2025-02-25 18:23:20,164 - ERROR - [crypto_trading_bot.py:392] - Error generating signal: 'SignalGenerator' object has no attribute 'in_position'
2025-02-25 18:23:20,210 - ERROR - [crypto_trading_bot.py:392] - Error generating signal: 'SignalGenerator' object has no attribute 'in_position'
2025-02-25 18:23:20,263 - ERROR - [crypto_trading_bot.py:392] - Error generating signal: 'SignalGenerator' object has no attribute 'in_position'
2025-02-25 18:23:20,275 - ERROR - [crypto_trading_bot.py:392] - Error generating signal: 'SignalGenerator' object has no attribute 'in_position'
2025-02-25 18:23:20,286 - ERROR - [crypto_trading_bot.py:392] - Error generating signal: 'SignalGenerator' object has no attribute 'in_position'
2025-02-25 18:23:20,298 - ERROR - [crypto_trading_bot.py:392] - Error generating signal: 'SignalGenerator' object has no attribute 'in_position'
2025-02-25 18:23:20,311 - ERROR - [crypto_trading_bot.py:392] - Error generating signal: 'SignalGenerator' object has no attribute 'in_position'
2025-02-25 18:23:20,327 - ERROR - [crypto_trading_bot.py:392] - Error generating signal: 'SignalGenerator' object has no attribute 'in_position'
2025-02-25 18:23:20,340 - ERROR - [crypto_trading_bot.py:392] - Error generating signal: 'SignalGenerator' object has no attribute 'in_position'
2025-02-25 18:23:20,350 - ERROR - [crypto_trading_bot.py:392] - Error generating signal: 'SignalGenerator' object has no attribute 'in_position'
2025-02-25 18:23:20,365 - ERROR - [crypto_trading_bot.py:392] - Error generating signal: 'SignalGenerator' object has no attribute 'in_position'
2025-02-25 18:23:20,376 - ERROR - [crypto_trading_bot.py:392] - Error generating signal: 'SignalGenerator' object has no attribute 'in_position'
2025-02-25 18:23:20,393 - ERROR - [crypto_trading_bot.py:392] - Error generating signal: 'SignalGenerator' object has no attribute 'in_position'
2025-02-25 18:23:20,407 - ERROR - [crypto_trading_bot.py:392] - Error generating signal: 'SignalGenerator' object has no attribute 'in_position'
2025-02-25 18:23:20,418 - ERROR - [crypto_trading_bot.py:392] - Error generating signal: 'SignalGenerator' object has no attribute 'in_position'
2025-02-25 18:23:20,434 - ERROR - [crypto_trading_bot.py:392] - Error generating signal: 'SignalGenerator' object has no attribute 'in_position'
2025-02-25 18:23:20,450 - ERROR - [crypto_trading_bot.py:392] - Error generating signal: 'SignalGenerator' object has no attribute 'in_position'
2025-02-25 18:23:20,465 - ERROR - [crypto_trading_bot.py:392] - Error generating signal: 'SignalGenerator' object has no attribute 'in_position'
2025-02-25 18:23:20,488 - ERROR - [crypto_trading_bot.py:392] - Error generating signal: 'SignalGenerator' object has no attribute 'in_position'
2025-02-25 18:23:20,501 - ERROR - [crypto_trading_bot.py:392] - Error generating signal: 'SignalGenerator' object has no attribute 'in_position'
2025-02-25 18:23:20,519 - ERROR - [crypto_trading_bot.py:392] - Error generating signal: 'SignalGenerator' object has no attribute 'in_position'
2025-02-25 18:23:20,533 - ERROR - [crypto_trading_bot.py:392] - Error generating signal: 'SignalGenerator' object has no attribute 'in_position'
2025-02-25 18:23:20,549 - ERROR - [crypto_trading_bot.py:392] - Error generating signal: 'SignalGenerator' object has no attribute 'in_position'
2025-02-25 18:23:20,563 - ERROR - [crypto_trading_bot.py:392] - Error generating signal: 'SignalGenerator' object has no attribute 'in_position'
2025-02-25 18:23:20,578 - ERROR - [crypto_trading_bot.py:392] - Error generating signal: 'SignalGenerator' object has no attribute 'in_position'
2025-02-25 18:23:20,593 - ERROR - [crypto_trading_bot.py:392] - Error generating signal: 'SignalGenerator' object has no attribute 'in_position'
2025-02-25 18:23:20,608 - ERROR - [crypto_trading_bot.py:392] - Error generating signal: 'SignalGenerator' object has no attribute 'in_position'
2025-02-25 18:23:20,619 - ERROR - [crypto_trading_bot.py:392] - Error generating signal: 'SignalGenerator' object has no attribute 'in_position'
2025-02-25 18:23:20,632 - ERROR - [crypto_trading_bot.py:392] - Error generating signal: 'SignalGenerator' object has no attribute 'in_position'
2025-02-25 18:23:20,648 - ERROR - [crypto_trading_bot.py:392] - Error generating signal: 'SignalGenerator' object has no attribute 'in_position'
2025-02-25 18:23:20,660 - ERROR - [crypto_trading_bot.py:392] - Error generating signal: 'SignalGenerator' object has no attribute 'in_position'
2025-02-25 18:23:20,674 - ERROR - [crypto_trading_bot.py:392] - Error generating signal: 'SignalGenerator' object has no attribute 'in_position'
2025-02-25 18:23:20,691 - ERROR - [crypto_trading_bot.py:392] - Error generating signal: 'SignalGenerator' object has no attribute 'in_position'
2025-02-25 18:23:20,703 - ERROR - [crypto_trading_bot.py:392] - Error generating signal: 'SignalGenerator' object has no attribute 'in_position'
2025-02-25 18:23:20,717 - ERROR - [crypto_trading_bot.py:392] - Error generating signal: 'SignalGenerator' object has no attribute 'in_position'
2025-02-25 18:23:20,729 - ERROR - [crypto_trading_bot.py:392] - Error generating signal: 'SignalGenerator' object has no attribute 'in_position'
2025-02-25 18:23:20,747 - ERROR - [crypto_trading_bot.py:392] - Error generating signal: 'SignalGenerator' object has no attribute 'in_position'
2025-02-25 18:23:20,762 - ERROR - [crypto_trading_bot.py:392] - Error generating signal: 'SignalGenerator' object has no attribute 'in_position'
2025-02-25 18:23:20,776 - ERROR - [crypto_trading_bot.py:392] - Error generating signal: 'SignalGenerator' object has no attribute 'in_position'
2025-02-25 18:23:20,793 - ERROR - [crypto_trading_bot.py:392] - Error generating signal: 'SignalGenerator' object has no attribute 'in_position'
2025-02-25 18:23:20,811 - ERROR - [crypto_trading_bot.py:392] - Error generating signal: 'SignalGenerator' object has no attribute 'in_position'
2025-02-25 18:23:20,826 - ERROR - [crypto_trading_bot.py:392] - Error generating signal: 'SignalGenerator' object has no attribute 'in_position'
2025-02-25 18:23:20,843 - ERROR - [crypto_trading_bot.py:392] - Error generating signal: 'SignalGenerator' object has no attribute 'in_position'
2025-02-25 18:23:20,857 - ERROR - [crypto_trading_bot.py:392] - Error generating signal: 'SignalGenerator' object has no attribute 'in_position'
2025-02-25 18:23:20,874 - ERROR - [crypto_trading_bot.py:392] - Error generating signal: 'SignalGenerator' object has no attribute 'in_position'
2025-02-25 18:23:20,890 - ERROR - [crypto_trading_bot.py:392] - Error generating signal: 'SignalGenerator' object has no attribute 'in_position'
2025-02-25 18:23:20,903 - ERROR - [crypto_trading_bot.py:392] - Error generating signal: 'SignalGenerator' object has no attribute 'in_position'
2025-02-25 18:23:20,923 - ERROR - [crypto_trading_bot.py:392] - Error generating signal: 'SignalGenerator' object has no attribute 'in_position'
2025-02-25 18:23:20,936 - ERROR - [crypto_trading_bot.py:392] - Error generating signal: 'SignalGenerator' object has no attribute 'in_position'
2025-02-25 18:23:20,950 - ERROR - [crypto_trading_bot.py:392] - Error generating signal: 'SignalGenerator' object has no attribute 'in_position'
2025-02-25 18:23:20,966 - ERROR - [crypto_trading_bot.py:392] - Error generating signal: 'SignalGenerator' object has no attribute 'in_position'
2025-02-25 18:23:20,989 - ERROR - [crypto_trading_bot.py:392] - Error generating signal: 'SignalGenerator' object has no attribute 'in_position'
2025-02-25 18:23:21,026 - ERROR - [crypto_trading_bot.py:392] - Error generating signal: 'SignalGenerator' object has no attribute 'in_position'
2025-02-25 18:23:21,065 - ERROR - [crypto_trading_bot.py:392] - Error generating signal: 'SignalGenerator' object has no attribute 'in_position'
2025-02-25 18:23:21,098 - ERROR - [crypto_trading_bot.py:392] - Error generating signal: 'SignalGenerator' object has no attribute 'in_position'
2025-02-25 18:23:21,130 - ERROR - [crypto_trading_bot.py:392] - Error generating signal: 'SignalGenerator' object has no attribute 'in_position'
2025-02-25 18:23:21,160 - ERROR - [crypto_trading_bot.py:392] - Error generating signal: 'SignalGenerator' object has no attribute 'in_position'
2025-02-25 18:23:21,201 - ERROR - [crypto_trading_bot.py:392] - Error generating signal: 'SignalGenerator' object has no attribute 'in_position'
2025-02-25 18:23:21,260 - ERROR - [crypto_trading_bot.py:392] - Error generating signal: 'SignalGenerator' object has no attribute 'in_position'
2025-02-25 18:23:21,308 - ERROR - [crypto_trading_bot.py:392] - Error generating signal: 'SignalGenerator' object has no attribute 'in_position'
2025-02-25 18:23:21,359 - ERROR - [crypto_trading_bot.py:392] - Error generating signal: 'SignalGenerator' object has no attribute 'in_position'
2025-02-25 18:23:21,400 - ERROR - [crypto_trading_bot.py:392] - Error generating signal: 'SignalGenerator' object has no attribute 'in_position'
2025-02-25 18:23:21,426 - ERROR - [crypto_trading_bot.py:392] - Error generating signal: 'SignalGenerator' object has no attribute 'in_position'
2025-02-25 18:23:21,446 - ERROR - [crypto_trading_bot.py:392] - Error generating signal: 'SignalGenerator' object has no attribute 'in_position'
2025-02-25 18:23:21,467 - ERROR - [crypto_trading_bot.py:392] - Error generating signal: 'SignalGenerator' object has no attribute 'in_position'
2025-02-25 18:23:21,484 - ERROR - [crypto_trading_bot.py:392] - Error generating signal: 'SignalGenerator' object has no attribute 'in_position'
2025-02-25 18:23:21,503 - ERROR - [crypto_trading_bot.py:392] - Error generating signal: 'SignalGenerator' object has no attribute 'in_position'
2025-02-25 18:23:21,517 - ERROR - [crypto_trading_bot.py:392] - Error generating signal: 'SignalGenerator' object has no attribute 'in_position'
2025-02-25 18:23:21,544 - ERROR - [crypto_trading_bot.py:392] - Error generating signal: 'SignalGenerator' object has no attribute 'in_position'
2025-02-25 18:23:21,565 - ERROR - [crypto_trading_bot.py:392] - Error generating signal: 'SignalGenerator' object has no attribute 'in_position'
2025-02-25 18:23:21,592 - ERROR - [crypto_trading_bot.py:392] - Error generating signal: 'SignalGenerator' object has no attribute 'in_position'
2025-02-25 18:23:21,616 - ERROR - [crypto_trading_bot.py:392] - Error generating signal: 'SignalGenerator' object has no attribute 'in_position'
2025-02-25 18:23:21,646 - ERROR - [crypto_trading_bot.py:392] - Error generating signal: 'SignalGenerator' object has no attribute 'in_position'
2025-02-25 18:23:21,666 - ERROR - [crypto_trading_bot.py:392] - Error generating signal: 'SignalGenerator' object has no attribute 'in_position'
2025-02-25 18:23:21,686 - ERROR - [crypto_trading_bot.py:392] - Error generating signal: 'SignalGenerator' object has no attribute 'in_position'
2025-02-25 18:23:21,700 - ERROR - [crypto_trading_bot.py:392] - Error generating signal: 'SignalGenerator' object has no attribute 'in_position'
2025-02-25 18:23:21,719 - ERROR - [crypto_trading_bot.py:392] - Error generating signal: 'SignalGenerator' object has no attribute 'in_position'
2025-02-25 18:23:21,735 - ERROR - [crypto_trading_bot.py:392] - Error generating signal: 'SignalGenerator' object has no attribute 'in_position'
2025-02-25 18:23:21,757 - ERROR - [crypto_trading_bot.py:392] - Error generating signal: 'SignalGenerator' object has no attribute 'in_position'
2025-02-25 18:23:21,771 - ERROR - [crypto_trading_bot.py:392] - Error generating signal: 'SignalGenerator' object has no attribute 'in_position'
2025-02-25 18:23:21,810 - ERROR - [crypto_trading_bot.py:392] - Error generating signal: 'SignalGenerator' object has no attribute 'in_position'
2025-02-25 18:23:21,821 - ERROR - [crypto_trading_bot.py:392] - Error generating signal: 'SignalGenerator' object has no attribute 'in_position'
2025-02-25 18:23:22,355 - ERROR - [crypto_trading_bot.py:392] - Error generating signal: 'SignalGenerator' object has no attribute 'in_position'
2025-02-25 18:23:22,380 - ERROR - [crypto_trading_bot.py:392] - Error generating signal: 'SignalGenerator' object has no attribute 'in_position'
2025-02-25 18:23:22,405 - ERROR - [crypto_trading_bot.py:392] - Error generating signal: 'SignalGenerator' object has no attribute 'in_position'
2025-02-25 18:23:22,437 - ERROR - [crypto_trading_bot.py:392] - Error generating signal: 'SignalGenerator' object has no attribute 'in_position'
2025-02-25 18:23:22,483 - ERROR - [crypto_trading_bot.py:392] - Error generating signal: 'SignalGenerator' object has no attribute 'in_position'
2025-02-25 18:23:22,514 - ERROR - [crypto_trading_bot.py:392] - Error generating signal: 'SignalGenerator' object has no attribute 'in_position'
2025-02-25 18:23:22,547 - ERROR - [crypto_trading_bot.py:392] - Error generating signal: 'SignalGenerator' object has no attribute 'in_position'
2025-02-25 18:23:22,580 - ERROR - [crypto_trading_bot.py:392] - Error generating signal: 'SignalGenerator' object has no attribute 'in_position'
2025-02-25 18:23:22,595 - ERROR - [crypto_trading_bot.py:392] - Error generating signal: 'SignalGenerator' object has no attribute 'in_position'
2025-02-25 18:23:22,605 - ERROR - [crypto_trading_bot.py:392] - Error generating signal: 'SignalGenerator' object has no attribute 'in_position'
2025-02-25 18:23:22,620 - ERROR - [crypto_trading_bot.py:392] - Error generating signal: 'SignalGenerator' object has no attribute 'in_position'
2025-02-25 18:23:22,633 - ERROR - [crypto_trading_bot.py:392] - Error generating signal: 'SignalGenerator' object has no attribute 'in_position'
2025-02-25 18:23:22,647 - ERROR - [crypto_trading_bot.py:392] - Error generating signal: 'SignalGenerator' object has no attribute 'in_position'
2025-02-25 18:23:22,658 - ERROR - [crypto_trading_bot.py:392] - Error generating signal: 'SignalGenerator' object has no attribute 'in_position'
2025-02-25 18:23:22,669 - ERROR - [crypto_trading_bot.py:392] - Error generating signal: 'SignalGenerator' object has no attribute 'in_position'
2025-02-25 18:23:22,685 - ERROR - [crypto_trading_bot.py:392] - Error generating signal: 'SignalGenerator' object has no attribute 'in_position'
2025-02-25 18:23:22,697 - ERROR - [crypto_trading_bot.py:392] - Error generating signal: 'SignalGenerator' object has no attribute 'in_position'
2025-02-25 18:23:22,711 - ERROR - [crypto_trading_bot.py:392] - Error generating signal: 'SignalGenerator' object has no attribute 'in_position'
2025-02-25 18:23:22,721 - ERROR - [crypto_trading_bot.py:392] - Error generating signal: 'SignalGenerator' object has no attribute 'in_position'
2025-02-25 18:23:22,734 - ERROR - [crypto_trading_bot.py:392] - Error generating signal: 'SignalGenerator' object has no attribute 'in_position'
2025-02-25 18:23:22,748 - ERROR - [crypto_trading_bot.py:392] - Error generating signal: 'SignalGenerator' object has no attribute 'in_position'
2025-02-25 18:23:22,760 - ERROR - [crypto_trading_bot.py:392] - Error generating signal: 'SignalGenerator' object has no attribute 'in_position'
2025-02-25 18:23:22,771 - ERROR - [crypto_trading_bot.py:392] - Error generating signal: 'SignalGenerator' object has no attribute 'in_position'
2025-02-25 18:23:22,788 - ERROR - [crypto_trading_bot.py:392] - Error generating signal: 'SignalGenerator' object has no attribute 'in_position'
2025-02-25 18:23:22,809 - ERROR - [crypto_trading_bot.py:392] - Error generating signal: 'SignalGenerator' object has no attribute 'in_position'
2025-02-25 18:23:22,822 - ERROR - [crypto_trading_bot.py:392] - Error generating signal: 'SignalGenerator' object has no attribute 'in_position'
2025-02-25 18:23:22,836 - ERROR - [crypto_trading_bot.py:392] - Error generating signal: 'SignalGenerator' object has no attribute 'in_position'
2025-02-25 18:23:22,851 - ERROR - [crypto_trading_bot.py:392] - Error generating signal: 'SignalGenerator' object has no attribute 'in_position'
2025-02-25 18:23:22,866 - ERROR - [crypto_trading_bot.py:392] - Error generating signal: 'SignalGenerator' object has no attribute 'in_position'
2025-02-25 18:23:22,882 - ERROR - [crypto_trading_bot.py:392] - Error generating signal: 'SignalGenerator' object has no attribute 'in_position'
2025-02-25 18:23:22,896 - ERROR - [crypto_trading_bot.py:392] - Error generating signal: 'SignalGenerator' object has no attribute 'in_position'
2025-02-25 18:23:22,910 - ERROR - [crypto_trading_bot.py:392] - Error generating signal: 'SignalGenerator' object has no attribute 'in_position'
2025-02-25 18:23:22,921 - ERROR - [crypto_trading_bot.py:392] - Error generating signal: 'SignalGenerator' object has no attribute 'in_position'
2025-02-25 18:23:22,939 - ERROR - [crypto_trading_bot.py:392] - Error generating signal: 'SignalGenerator' object has no attribute 'in_position'
2025-02-25 18:23:22,955 - ERROR - [crypto_trading_bot.py:392] - Error generating signal: 'SignalGenerator' object has no attribute 'in_position'
2025-02-25 18:23:22,969 - ERROR - [crypto_trading_bot.py:392] - Error generating signal: 'SignalGenerator' object has no attribute 'in_position'
2025-02-25 18:23:22,988 - ERROR - [crypto_trading_bot.py:392] - Error generating signal: 'SignalGenerator' object has no attribute 'in_position'
2025-02-25 18:23:23,018 - ERROR - [crypto_trading_bot.py:392] - Error generating signal: 'SignalGenerator' object has no attribute 'in_position'
2025-02-25 18:23:23,042 - ERROR - [crypto_trading_bot.py:392] - Error generating signal: 'SignalGenerator' object has no attribute 'in_position'
2025-02-25 18:23:23,071 - ERROR - [crypto_trading_bot.py:392] - Error generating signal: 'SignalGenerator' object has no attribute 'in_position'
2025-02-25 18:23:23,148 - ERROR - [crypto_trading_bot.py:392] - Error generating signal: 'SignalGenerator' object has no attribute 'in_position'
2025-02-25 18:23:23,183 - ERROR - [crypto_trading_bot.py:392] - Error generating signal: 'SignalGenerator' object has no attribute 'in_position'
2025-02-25 18:23:23,222 - ERROR - [crypto_trading_bot.py:392] - Error generating signal: 'SignalGenerator' object has no attribute 'in_position'
2025-02-25 18:23:23,243 - ERROR - [crypto_trading_bot.py:392] - Error generating signal: 'SignalGenerator' object has no attribute 'in_position'
2025-02-25 18:23:23,255 - ERROR - [crypto_trading_bot.py:392] - Error generating signal: 'SignalGenerator' object has no attribute 'in_position'
2025-02-25 18:23:23,272 - ERROR - [crypto_trading_bot.py:392] - Error generating signal: 'SignalGenerator' object has no attribute 'in_position'
2025-02-25 18:23:23,289 - ERROR - [crypto_trading_bot.py:392] - Error generating signal: 'SignalGenerator' object has no attribute 'in_position'
2025-02-25 18:23:23,305 - ERROR - [crypto_trading_bot.py:392] - Error generating signal: 'SignalGenerator' object has no attribute 'in_position'
2025-02-25 18:23:23,327 - ERROR - [crypto_trading_bot.py:392] - Error generating signal: 'SignalGenerator' object has no attribute 'in_position'
2025-02-25 18:23:23,339 - ERROR - [crypto_trading_bot.py:392] - Error generating signal: 'SignalGenerator' object has no attribute 'in_position'
2025-02-25 18:23:23,361 - ERROR - [crypto_trading_bot.py:392] - Error generating signal: 'SignalGenerator' object has no attribute 'in_position'
2025-02-25 18:23:23,380 - ERROR - [crypto_trading_bot.py:392] - Error generating signal: 'SignalGenerator' object has no attribute 'in_position'
2025-02-25 18:23:23,397 - ERROR - [crypto_trading_bot.py:392] - Error generating signal: 'SignalGenerator' object has no attribute 'in_position'
2025-02-25 18:23:23,413 - ERROR - [crypto_trading_bot.py:392] - Error generating signal: 'SignalGenerator' object has no attribute 'in_position'
2025-02-25 18:23:23,431 - ERROR - [crypto_trading_bot.py:392] - Error generating signal: 'SignalGenerator' object has no attribute 'in_position'
2025-02-25 18:23:23,449 - ERROR - [crypto_trading_bot.py:392] - Error generating signal: 'SignalGenerator' object has no attribute 'in_position'
2025-02-25 18:23:23,467 - ERROR - [crypto_trading_bot.py:392] - Error generating signal: 'SignalGenerator' object has no attribute 'in_position'
2025-02-25 18:23:23,484 - ERROR - [crypto_trading_bot.py:392] - Error generating signal: 'SignalGenerator' object has no attribute 'in_position'
2025-02-25 18:23:23,500 - ERROR - [crypto_trading_bot.py:392] - Error generating signal: 'SignalGenerator' object has no attribute 'in_position'
2025-02-25 18:23:23,515 - ERROR - [crypto_trading_bot.py:392] - Error generating signal: 'SignalGenerator' object has no attribute 'in_position'
2025-02-25 18:23:23,531 - ERROR - [crypto_trading_bot.py:392] - Error generating signal: 'SignalGenerator' object has no attribute 'in_position'
2025-02-25 18:23:23,545 - ERROR - [crypto_trading_bot.py:392] - Error generating signal: 'SignalGenerator' object has no attribute 'in_position'
2025-02-25 18:23:23,561 - ERROR - [crypto_trading_bot.py:392] - Error generating signal: 'SignalGenerator' object has no attribute 'in_position'
2025-02-25 18:23:23,578 - ERROR - [crypto_trading_bot.py:392] - Error generating signal: 'SignalGenerator' object has no attribute 'in_position'
2025-02-25 18:23:23,581 - ERROR - [crypto_trading_bot.py:1091] - Trading loop error: invalid literal for int() with base 10: '900  # 15 minutes in seconds'
