2025-02-25 00:59:44,166 - INFO - [crypto_trading_bot.py:947] - === Trading Bot Started ===
2025-02-25 00:59:44,166 - INFO - [crypto_trading_bot.py:948] - Python version: 3.11.11 | packaged by Anaconda, Inc. | (main, Dec 11 2024, 16:34:19) [MSC v.1929 64 bit (AMD64)]
2025-02-25 00:59:44,168 - INFO - [crypto_trading_bot.py:949] - Operating System: nt
2025-02-25 00:59:44,169 - INFO - [crypto_trading_bot.py:950] - Trading Mode: live
2025-02-25 00:59:44,169 - INFO - [crypto_trading_bot.py:951] - Trading Pairs: ['ETH/USDT', 'BNB/USDT', 'SOL/USDT', 'ADA/USDT']
2025-02-25 00:59:44,171 - INFO - [crypto_trading_bot.py:994] - Starting live trading mode
2025-02-25 00:59:44,205 - INFO - [crypto_trading_bot.py:120] - Fetching 1 days of 15m data for ETH/USDT
2025-02-25 00:59:51,311 - WARNING - [crypto_trading_bot.py:143] - No data returned for ETH/USDT at timestamp 1740444300001
2025-02-25 00:59:51,380 - INFO - [crypto_trading_bot.py:177] - Successfully fetched 96 candles for ETH/USDT
2025-02-25 00:59:51,557 - INFO - [crypto_trading_bot.py:120] - Fetching 1 days of 15m data for BNB/USDT
2025-02-25 00:59:52,189 - WARNING - [crypto_trading_bot.py:143] - No data returned for BNB/USDT at timestamp 1740444300001
2025-02-25 00:59:52,199 - INFO - [crypto_trading_bot.py:177] - Successfully fetched 96 candles for BNB/USDT
2025-02-25 00:59:52,336 - INFO - [crypto_trading_bot.py:120] - Fetching 1 days of 15m data for SOL/USDT
2025-02-25 00:59:52,949 - WARNING - [crypto_trading_bot.py:143] - No data returned for SOL/USDT at timestamp 1740444300001
2025-02-25 00:59:52,973 - INFO - [crypto_trading_bot.py:177] - Successfully fetched 96 candles for SOL/USDT
2025-02-25 00:59:53,113 - INFO - [crypto_trading_bot.py:120] - Fetching 1 days of 15m data for ADA/USDT
2025-02-25 00:59:53,748 - WARNING - [crypto_trading_bot.py:143] - No data returned for ADA/USDT at timestamp 1740444300001
2025-02-25 00:59:53,759 - INFO - [crypto_trading_bot.py:177] - Successfully fetched 96 candles for ADA/USDT
2025-02-25 01:14:53,862 - INFO - [crypto_trading_bot.py:120] - Fetching 1 days of 15m data for ETH/USDT
2025-02-25 01:14:54,730 - WARNING - [crypto_trading_bot.py:143] - No data returned for ETH/USDT at timestamp 1740445200001
2025-02-25 01:14:54,800 - INFO - [crypto_trading_bot.py:177] - Successfully fetched 96 candles for ETH/USDT
2025-02-25 01:14:54,946 - INFO - [crypto_trading_bot.py:120] - Fetching 1 days of 15m data for BNB/USDT
2025-02-25 01:14:55,594 - WARNING - [crypto_trading_bot.py:143] - No data returned for BNB/USDT at timestamp 1740445200001
2025-02-25 01:14:55,603 - INFO - [crypto_trading_bot.py:177] - Successfully fetched 96 candles for BNB/USDT
2025-02-25 01:14:55,741 - INFO - [crypto_trading_bot.py:120] - Fetching 1 days of 15m data for SOL/USDT
2025-02-25 01:14:56,380 - WARNING - [crypto_trading_bot.py:143] - No data returned for SOL/USDT at timestamp 1740445200001
2025-02-25 01:14:56,389 - INFO - [crypto_trading_bot.py:177] - Successfully fetched 96 candles for SOL/USDT
2025-02-25 01:14:56,546 - INFO - [crypto_trading_bot.py:120] - Fetching 1 days of 15m data for ADA/USDT
2025-02-25 01:14:57,166 - WARNING - [crypto_trading_bot.py:143] - No data returned for ADA/USDT at timestamp 1740445200001
2025-02-25 01:14:57,176 - INFO - [crypto_trading_bot.py:177] - Successfully fetched 96 candles for ADA/USDT
2025-02-25 01:29:57,284 - INFO - [crypto_trading_bot.py:120] - Fetching 1 days of 15m data for ETH/USDT
2025-02-25 01:29:58,101 - WARNING - [crypto_trading_bot.py:143] - No data returned for ETH/USDT at timestamp 1740446100001
2025-02-25 01:29:58,130 - INFO - [crypto_trading_bot.py:177] - Successfully fetched 96 candles for ETH/USDT
2025-02-25 01:29:58,257 - INFO - [crypto_trading_bot.py:120] - Fetching 1 days of 15m data for BNB/USDT
2025-02-25 01:29:58,890 - WARNING - [crypto_trading_bot.py:143] - No data returned for BNB/USDT at timestamp 1740446100001
2025-02-25 01:29:58,915 - INFO - [crypto_trading_bot.py:177] - Successfully fetched 96 candles for BNB/USDT
2025-02-25 01:29:59,045 - INFO - [crypto_trading_bot.py:120] - Fetching 1 days of 15m data for SOL/USDT
2025-02-25 01:29:59,682 - WARNING - [crypto_trading_bot.py:143] - No data returned for SOL/USDT at timestamp 1740446100001
2025-02-25 01:29:59,710 - INFO - [crypto_trading_bot.py:177] - Successfully fetched 96 candles for SOL/USDT
2025-02-25 01:29:59,852 - INFO - [crypto_trading_bot.py:120] - Fetching 1 days of 15m data for ADA/USDT
2025-02-25 01:30:00,504 - WARNING - [crypto_trading_bot.py:143] - No data returned for ADA/USDT at timestamp 1740446100001
2025-02-25 01:30:00,534 - INFO - [crypto_trading_bot.py:177] - Successfully fetched 96 candles for ADA/USDT
